<?xml version="1.0" encoding="UTF-8"?>
<!-- Generated by org.testng.reporters.JUnitReportReporter -->
<testsuite hostname="LAPTOP-FOOL42FD" failures="0" tests="11" name="com.sgtesting.dataproviders.Scenario7" time="42.108" errors="0" timestamp="2022-04-29T12:30:31 IST" skipped="0">
  <testcase classname="com.sgtesting.dataproviders.Scenario7" name="LaunchBrowser" time="1.389"/>
  <system-out/>
  <testcase classname="com.sgtesting.dataproviders.Scenario7" name="navigate" time="0.814"/>
  <system-out/>
  <testcase classname="com.sgtesting.dataproviders.Scenario7" name="Login" time="4.840"/>
  <system-out/>
  <testcase classname="com.sgtesting.dataproviders.Scenario7" name="CreateCustomer" time="9.128"/>
  <system-out/>
  <testcase classname="com.sgtesting.dataproviders.Scenario7" name="CreatProject" time="8.400"/>
  <system-out/>
  <testcase classname="com.sgtesting.dataproviders.Scenario7" name="CreateTask" time="5.536"/>
  <system-out/>
  <testcase classname="com.sgtesting.dataproviders.Scenario7" name="DeleteTask" time="2.290"/>
  <system-out/>
  <testcase classname="com.sgtesting.dataproviders.Scenario7" name="DeleteProject" time="3.510"/>
  <system-out/>
  <testcase classname="com.sgtesting.dataproviders.Scenario7" name="DeleteCustomer" time="5.445"/>
  <system-out/>
  <testcase classname="com.sgtesting.dataproviders.Scenario7" name="Logout" time="0.373"/>
  <system-out/>
  <testcase classname="com.sgtesting.dataproviders.Scenario7" name="CloseApplication" time="0.383"/>
  <system-out/>
</testsuite> <!-- com.sgtesting.dataproviders.Scenario7 -->
