<?xml version="1.0" encoding="UTF-8"?>
<!-- Generated by org.testng.reporters.JUnitReportReporter -->
<testsuite hostname="LAPTOP-FOOL42FD" failures="0" tests="8" name="com.sgtesting.dataproviders.Scenario4" time="28.052" errors="0" timestamp="2022-04-29T12:30:31 IST" skipped="0">
  <testcase classname="com.sgtesting.dataproviders.Scenario4" name="LaunchBrowser" time="1.401"/>
  <system-out/>
  <testcase classname="com.sgtesting.dataproviders.Scenario4" name="navigate" time="0.871"/>
  <system-out/>
  <testcase classname="com.sgtesting.dataproviders.Scenario4" name="Login" time="4.829"/>
  <system-out/>
  <testcase classname="com.sgtesting.dataproviders.Scenario4" name="CreateCustomer" time="9.303"/>
  <system-out/>
  <testcase classname="com.sgtesting.dataproviders.Scenario4" name="ModifyCustomer" time="5.539"/>
  <system-out/>
  <testcase classname="com.sgtesting.dataproviders.Scenario4" name="DeleteCustomer" time="5.427"/>
  <system-out/>
  <testcase classname="com.sgtesting.dataproviders.Scenario4" name="Logout" time="0.360"/>
  <system-out/>
  <testcase classname="com.sgtesting.dataproviders.Scenario4" name="CloseApplication" time="0.322"/>
  <system-out/>
</testsuite> <!-- com.sgtesting.dataproviders.Scenario4 -->
