<?xml version="1.0" encoding="UTF-8"?>
<!-- Generated by org.testng.reporters.JUnitReportReporter -->
<testsuite hostname="LAPTOP-FOOL42FD" failures="0" tests="9" name="com.sgtesting.dataproviders.Scenario5" time="34.663" errors="0" timestamp="2022-04-29T12:30:31 IST" skipped="0">
  <testcase classname="com.sgtesting.dataproviders.Scenario5" name="LaunchBrowser" time="1.327"/>
  <system-out/>
  <testcase classname="com.sgtesting.dataproviders.Scenario5" name="navigate" time="0.888"/>
  <system-out/>
  <testcase classname="com.sgtesting.dataproviders.Scenario5" name="Login" time="5.006"/>
  <system-out/>
  <testcase classname="com.sgtesting.dataproviders.Scenario5" name="CreateCustomer" time="9.345"/>
  <system-out/>
  <testcase classname="com.sgtesting.dataproviders.Scenario5" name="CreatProject" time="8.441"/>
  <system-out/>
  <testcase classname="com.sgtesting.dataproviders.Scenario5" name="DeleteProject" time="3.449"/>
  <system-out/>
  <testcase classname="com.sgtesting.dataproviders.Scenario5" name="DeleteCustomer" time="5.414"/>
  <system-out/>
  <testcase classname="com.sgtesting.dataproviders.Scenario5" name="Logout" time="0.434"/>
  <system-out/>
  <testcase classname="com.sgtesting.dataproviders.Scenario5" name="CloseApplication" time="0.359"/>
  <system-out/>
</testsuite> <!-- com.sgtesting.dataproviders.Scenario5 -->
