<?xml version="1.0" encoding="UTF-8"?>
<!-- Generated by org.testng.reporters.JUnitReportReporter -->
<testsuite hostname="LAPTOP-FOOL42FD" failures="0" tests="8" name="com.sgtesting.dataproviders.Scenario2" time="31.580" errors="0" timestamp="2022-04-29T12:30:31 IST" skipped="0">
  <testcase classname="com.sgtesting.dataproviders.Scenario2" name="LaunchBrowser" time="1.463"/>
  <system-out/>
  <testcase classname="com.sgtesting.dataproviders.Scenario2" name="navigate" time="2.849"/>
  <system-out/>
  <testcase classname="com.sgtesting.dataproviders.Scenario2" name="Login" time="4.985"/>
  <system-out/>
  <testcase classname="com.sgtesting.dataproviders.Scenario2" name="CreateUser" time="11.883"/>
  <system-out/>
  <testcase classname="com.sgtesting.dataproviders.Scenario2" name="ModifyUser" time="5.456"/>
  <system-out/>
  <testcase classname="com.sgtesting.dataproviders.Scenario2" name="DeleteUser" time="4.266"/>
  <system-out/>
  <testcase classname="com.sgtesting.dataproviders.Scenario2" name="Logout" time="0.365"/>
  <system-out/>
  <testcase classname="com.sgtesting.dataproviders.Scenario2" name="CloseApplication" time="0.313"/>
  <system-out/>
</testsuite> <!-- com.sgtesting.dataproviders.Scenario2 -->
