<?xml version="1.0" encoding="UTF-8"?>
<!-- Generated by org.testng.reporters.JUnitReportReporter -->
<testsuite hostname="LAPTOP-FOOL42FD" failures="0" tests="7" name="com.sgtesting.dataproviders.Scenario1" time="26.565" errors="0" timestamp="2022-05-06T11:22:58 IST" skipped="0">
  <testcase classname="com.sgtesting.dataproviders.Scenario1" name="LaunchBrowser" time="2.488"/>
  <system-out/>
  <testcase classname="com.sgtesting.dataproviders.Scenario1" name="navigate" time="2.812"/>
  <system-out/>
  <testcase classname="com.sgtesting.dataproviders.Scenario1" name="Login" time="4.513"/>
  <system-out/>
  <testcase classname="com.sgtesting.dataproviders.Scenario1" name="CreateUser" time="11.790"/>
  <system-out/>
  <testcase classname="com.sgtesting.dataproviders.Scenario1" name="DeleteUser" time="4.240"/>
  <system-out/>
  <testcase classname="com.sgtesting.dataproviders.Scenario1" name="Logout" time="0.378"/>
  <system-out/>
  <testcase classname="com.sgtesting.dataproviders.Scenario1" name="CloseApplication" time="0.344"/>
  <system-out/>
</testsuite> <!-- com.sgtesting.dataproviders.Scenario1 -->
