<?xml version="1.0" encoding="UTF-8"?>
<!-- Generated by org.testng.reporters.JUnitReportReporter -->
<testsuite hostname="LAPTOP-FOOL42FD" failures="0" tests="10" name="com.sgtesting.dataproviders.Scenario6" time="38.910" errors="0" timestamp="2022-04-29T12:30:31 IST" skipped="0">
  <testcase classname="com.sgtesting.dataproviders.Scenario6" name="LaunchBrowser" time="1.356"/>
  <system-out/>
  <testcase classname="com.sgtesting.dataproviders.Scenario6" name="navigate" time="0.887"/>
  <system-out/>
  <testcase classname="com.sgtesting.dataproviders.Scenario6" name="Login" time="4.933"/>
  <system-out/>
  <testcase classname="com.sgtesting.dataproviders.Scenario6" name="CreateCustomer" time="9.134"/>
  <system-out/>
  <testcase classname="com.sgtesting.dataproviders.Scenario6" name="CreatProject" time="8.423"/>
  <system-out/>
  <testcase classname="com.sgtesting.dataproviders.Scenario6" name="ModifyProject" time="4.493"/>
  <system-out/>
  <testcase classname="com.sgtesting.dataproviders.Scenario6" name="DeleteProject" time="3.403"/>
  <system-out/>
  <testcase classname="com.sgtesting.dataproviders.Scenario6" name="DeleteCustomer" time="5.467"/>
  <system-out/>
  <testcase classname="com.sgtesting.dataproviders.Scenario6" name="Logout" time="0.438"/>
  <system-out/>
  <testcase classname="com.sgtesting.dataproviders.Scenario6" name="CloseApplication" time="0.376"/>
  <system-out/>
</testsuite> <!-- com.sgtesting.dataproviders.Scenario6 -->
