<?xml version="1.0" encoding="UTF-8"?>
<!-- Generated by org.testng.reporters.JUnitReportReporter -->
<testsuite hostname="LAPTOP-FOOL42FD" failures="0" tests="7" name="com.sgtesting.dataproviders.Scenario3" time="22.742" errors="0" timestamp="2022-04-29T12:30:31 IST" skipped="0">
  <testcase classname="com.sgtesting.dataproviders.Scenario3" name="LaunchBrowser" time="1.249"/>
  <system-out/>
  <testcase classname="com.sgtesting.dataproviders.Scenario3" name="navigate" time="0.848"/>
  <system-out/>
  <testcase classname="com.sgtesting.dataproviders.Scenario3" name="Login" time="4.890"/>
  <system-out/>
  <testcase classname="com.sgtesting.dataproviders.Scenario3" name="CreateCustomer" time="9.582"/>
  <system-out/>
  <testcase classname="com.sgtesting.dataproviders.Scenario3" name="DeleteCustomer" time="5.467"/>
  <system-out/>
  <testcase classname="com.sgtesting.dataproviders.Scenario3" name="Logout" time="0.386"/>
  <system-out/>
  <testcase classname="com.sgtesting.dataproviders.Scenario3" name="CloseApplication" time="0.320"/>
  <system-out/>
</testsuite> <!-- com.sgtesting.dataproviders.Scenario3 -->
